<?xml version="1.0" encoding="UTF-8"?>
<!-- Generated by org.testng.reporters.JUnitXMLReporter -->
<testsuite ignored="0" hostname="DESKTOP-2ONTRDE" failures="0" tests="2" name="Multi-Layered Core Functional Validation" time="8.285" errors="0" timestamp="2026-06-30T03:09:53 IST">
  <testcase classname="com.engine.tests.HybridWorkflowTest" name="verifyBackendInjectionAndFrontendNavigation" time="5.436"/>
  <testcase classname="com.engine.tests.LoginTest" name="verifySuccessfulAuthentication" time="6.295"/>
</testsuite> <!-- Multi-Layered Core Functional Validation -->
