<?xml version="1.0" encoding="UTF-8"?>
<testng-results ignored="0" total="1" passed="1" failed="0" skipped="0">
  <reporter-output>
  </reporter-output>
  <suite started-at="2026-06-30T03:18:24 IST" name="Default suite" finished-at="2026-06-30T03:18:32 IST" duration-ms="8095">
    <groups>
    </groups>
    <test started-at="2026-06-30T03:18:24 IST" name="Default test" finished-at="2026-06-30T03:18:32 IST" duration-ms="8095">
      <class name="com.engine.tests.HybridWorkflowTest">
        <test-method is-config="true" signature="setUp()[pri:0, instance:com.engine.tests.HybridWorkflowTest@65fb9ffc]" started-at="2026-06-30T03:18:24 IST" name="setUp" finished-at="2026-06-30T03:18:26 IST" duration-ms="1827" status="PASS">
          <reporter-output>
          </reporter-output>
        </test-method> <!-- setUp -->
        <test-method signature="verifyBackendInjectionAndFrontendNavigation()[pri:0, instance:com.engine.tests.HybridWorkflowTest@65fb9ffc]" started-at="2026-06-30T03:18:26 IST" name="verifyBackendInjectionAndFrontendNavigation" finished-at="2026-06-30T03:18:32 IST" duration-ms="5851" status="PASS">
          <reporter-output>
          </reporter-output>
        </test-method> <!-- verifyBackendInjectionAndFrontendNavigation -->
        <test-method is-config="true" signature="tearDown()[pri:0, instance:com.engine.tests.HybridWorkflowTest@65fb9ffc]" started-at="2026-06-30T03:18:32 IST" name="tearDown" finished-at="2026-06-30T03:18:32 IST" duration-ms="369" status="PASS">
          <reporter-output>
          </reporter-output>
        </test-method> <!-- tearDown -->
      </class> <!-- com.engine.tests.HybridWorkflowTest -->
    </test> <!-- Default test -->
  </suite> <!-- Default suite -->
</testng-results>
